This file contains any messages produced by compilers while
running configure, to aid debugging if configure makes a mistake.

It was created by attr configure 2.5.1, which was
generated by GNU Autoconf 2.69.  Invocation command line was

  $ /home/username/gentoo/var/tmp/portage/sys-apps/attr-2.5.1/work/attr-2.5.1/configure --prefix=/home/username/gentoo/usr --build=riscv64-pc-linux-gnu --host=riscv64-pc-linux-gnu --mandir=/home/username/gentoo/usr/share/man --infodir=/home/username/gentoo/usr/share/info --datadir=/home/username/gentoo/usr/share --sysconfdir=/home/username/gentoo/etc --localstatedir=/home/username/gentoo/var/lib --disable-dependency-tracking --disable-silent-rules --docdir=/home/username/gentoo/usr/share/doc/attr-2.5.1 --htmldir=/home/username/gentoo/usr/share/doc/attr-2.5.1/html --with-sysroot=/home/username/gentoo --libdir=/home/username/gentoo/usr/lib --bindir=/home/username/gentoo/bin --enable-shared --disable-static --disable-nls --libexecdir=/home/username/gentoo/usr/lib --disable-debug

## --------- ##
## Platform. ##
## --------- ##

hostname = KH-GSoC-RISC-V
uname -m = riscv64
uname -r = 5.13.0-1031-azure
uname -s = Linux
uname -v = #37~20.04.1-Ubuntu SMP Mon Jun 13 22:51:01 UTC 2022

/usr/bin/uname -p = unknown
/bin/uname -X     = unknown

/bin/arch              = unknown
/usr/bin/arch -k       = unknown
/usr/convex/getsysinfo = unknown
/usr/bin/hostinfo      = unknown
/bin/machine           = unknown
/usr/bin/oslevel       = unknown
/bin/universe          = unknown

PATH: /home/username/gentoo/tmp/usr/lib/portage/bin/ebuild-helpers/unprivileged
PATH: /home/username/gentoo/tmp/usr/lib/portage/bin/ebuild-helpers
PATH: /home/username/gentoo/usr/sbin
PATH: /home/username/gentoo/usr/bin
PATH: /home/username/gentoo/usr/lib/llvm/12/sbin
PATH: /home/username/gentoo/usr/lib/llvm/12/bin
PATH: /home/username/gentoo/usr/lib/llvm/11/sbin
PATH: /home/username/gentoo/usr/lib/llvm/11/bin
PATH: /home/username/gentoo/usr/lib/llvm/10/sbin
PATH: /home/username/gentoo/usr/lib/llvm/10/bin
PATH: /home/username/gentoo/sbin
PATH: /home/username/gentoo/bin
PATH: /home/username/gentoo/lib/llvm/12/sbin
PATH: /home/username/gentoo/lib/llvm/12/bin
PATH: /home/username/gentoo/lib/llvm/11/sbin
PATH: /home/username/gentoo/lib/llvm/11/bin
PATH: /home/username/gentoo/lib/llvm/10/sbin
PATH: /home/username/gentoo/lib/llvm/10/bin
PATH: /home/username/gentoo/tmp/usr/sbin
PATH: /home/username/gentoo/tmp/usr/bin
PATH: /home/username/gentoo/tmp/usr/lib/llvm/12/sbin
PATH: /home/username/gentoo/tmp/usr/lib/llvm/12/bin
PATH: /home/username/gentoo/tmp/usr/lib/llvm/11/sbin
PATH: /home/username/gentoo/tmp/usr/lib/llvm/11/bin
PATH: /home/username/gentoo/tmp/usr/lib/llvm/10/sbin
PATH: /home/username/gentoo/tmp/usr/lib/llvm/10/bin
PATH: /home/username/gentoo/tmp/sbin
PATH: /home/username/gentoo/tmp/bin
PATH: /home/username/gentoo/tmp/lib/llvm/12/sbin
PATH: /home/username/gentoo/tmp/lib/llvm/12/bin
PATH: /home/username/gentoo/tmp/lib/llvm/11/sbin
PATH: /home/username/gentoo/tmp/lib/llvm/11/bin
PATH: /home/username/gentoo/tmp/lib/llvm/10/sbin
PATH: /home/username/gentoo/tmp/lib/llvm/10/bin
PATH: /home/username/gentoo/usr/local/sbin
PATH: /home/username/gentoo/usr/local/bin
PATH: /home/username/gentoo/usr/sbin
PATH: /home/username/gentoo/usr/bin
PATH: /home/username/gentoo/sbin
PATH: /home/username/gentoo/bin
PATH: /home/username/gentoo/tmp/usr/local/sbin
PATH: /home/username/gentoo/tmp/usr/local/bin
PATH: /home/username/gentoo/tmp/usr/sbin
PATH: /home/username/gentoo/tmp/usr/bin
PATH: /home/username/gentoo/tmp/sbin
PATH: /home/username/gentoo/tmp/bin
PATH: /usr/local/sbin
PATH: /usr/local/bin
PATH: /usr/sbin
PATH: /usr/bin
PATH: /sbin
PATH: /bin
PATH: /opt/bin
PATH: /home/username/gentoo/usr/bin
PATH: /home/username/gentoo/bin
PATH: /home/username/gentoo/tmp/usr/bin
PATH: /home/username/gentoo/tmp/bin
PATH: /home/username/gentoo/tmp/usr/local/bin
PATH: /usr/bin
PATH: /bin


## ----------- ##
## Core tests. ##
## ----------- ##

configure:2353: checking for a BSD-compatible install
configure:2421: result: /usr/bin/install -c
configure:2432: checking whether build environment is sane
configure:2487: result: yes
configure:2638: checking for a thread-safe mkdir -p
configure:2677: result: /bin/mkdir -p
configure:2684: checking for gawk
configure:2700: found /usr/bin/gawk
configure:2711: result: gawk
configure:2722: checking whether make sets $(MAKE)
configure:2744: result: yes
configure:2773: checking whether make supports nested variables
configure:2790: result: yes
configure:2927: checking whether make supports nested variables
configure:2944: result: yes
configure:2964: checking for riscv64-pc-linux-gnu-gcc
configure:2980: found /home/username/gentoo/tmp/usr/bin/riscv64-pc-linux-gnu-gcc
configure:2991: result: riscv64-pc-linux-gnu-gcc
configure:3260: checking for C compiler version
configure:3269: riscv64-pc-linux-gnu-gcc --version >&5
riscv64-pc-linux-gnu-gcc (Gentoo 10.3.1_p20211126 p0) 10.3.1 20211126
Copyright (C) 2020 Free Software Foundation, Inc.
This is free software; see the source for copying conditions.  There is NO
warranty; not even for MERCHANTABILITY or FITNESS FOR A PARTICULAR PURPOSE.

configure:3280: $? = 0
configure:3269: riscv64-pc-linux-gnu-gcc -v >&5
Using built-in specs.
COLLECT_GCC=/home/username/gentoo/tmp/usr/bin/riscv64-pc-linux-gnu-gcc
COLLECT_LTO_WRAPPER=/home/username/gentoo/tmp/usr/libexec/gcc/riscv64-pc-linux-gnu/10.3.1/lto-wrapper
Target: riscv64-pc-linux-gnu
Configured with: /home/username/gentoo/tmp/var/tmp/portage/sys-devel/gcc-10.3.1_p20211126/work/gcc-10-20211126/configure --host=riscv64-pc-linux-gnu --build=riscv64-pc-linux-gnu --prefix=/home/username/gentoo/tmp/usr --bindir=/home/username/gentoo/tmp/usr/riscv64-pc-linux-gnu/gcc-bin/10.3.1 --includedir=/home/username/gentoo/tmp/usr/lib/gcc/riscv64-pc-linux-gnu/10.3.1/include --datadir=/home/username/gentoo/tmp/usr/share/gcc-data/riscv64-pc-linux-gnu/10.3.1 --mandir=/home/username/gentoo/tmp/usr/share/gcc-data/riscv64-pc-linux-gnu/10.3.1/man --infodir=/home/username/gentoo/tmp/usr/share/gcc-data/riscv64-pc-linux-gnu/10.3.1/info --with-gxx-include-dir=/home/username/gentoo/tmp/usr/lib/gcc/riscv64-pc-linux-gnu/10.3.1/include/g++-v10 --with-python-dir=/share/gcc-data/riscv64-pc-linux-gnu/10.3.1/python --enable-languages=c,c++ --enable-obsolete --enable-secureplt --disable-werror --with-system-zlib --disable-nls --disable-libunwind-exceptions --enable-checking=release --with-bugurl=https://bugs.gentoo.org/ --with-pkgversion='Gentoo 10.3.1_p20211126 p0' --disable-esp --enable-libstdcxx-time --enable-shared --enable-threads=posix --enable-__cxa_atexit --enable-clocale=gnu --disable-multilib --disable-fixed-point --with-abi= --enable-libgomp --disable-libssp --disable-libada --disable-cet --disable-systemtap --disable-vtable-verify --disable-libvtv --without-zstd --enable-lto --without-isl --disable-libsanitizer --disable-default-pie --enable-default-ssp --disable-bootstrap --with-linker-hash-style=both --with-local-prefix=/home/username/gentoo
Thread model: posix
Supported LTO compression algorithms: zlib
gcc version 10.3.1 20211126 (Gentoo 10.3.1_p20211126 p0)
configure:3280: $? = 0
configure:3269: riscv64-pc-linux-gnu-gcc -V >&5
riscv64-pc-linux-gnu-gcc: error: unrecognized command-line option '-V'
riscv64-pc-linux-gnu-gcc: fatal error: no input files
compilation terminated.
configure:3280: $? = 1
configure:3269: riscv64-pc-linux-gnu-gcc -qversion >&5
riscv64-pc-linux-gnu-gcc: error: unrecognized command-line option '-qversion'; did you mean '--version'?
riscv64-pc-linux-gnu-gcc: fatal error: no input files
compilation terminated.
configure:3280: $? = 1
configure:3300: checking whether the C compiler works
configure:3322: riscv64-pc-linux-gnu-gcc -O2 -pipe -O2 -pipe -isystem /home/username/gentoo/usr/include -D_FILE_OFFSET_BITS=64 -D_LARGEFILE_SOURCE -D_LARGEFILE64_SOURCE -L/home/username/gentoo/usr/lib -Wl,--dynamic-linker=/home/username/gentoo/lib/ld-linux-riscv64-lp64d.so.1 -Wl,--no-gc-sections conftest.c  >&5
configure:3326: $? = 0
configure:3374: result: yes
configure:3377: checking for C compiler default output file name
configure:3379: result: a.out
configure:3385: checking for suffix of executables
configure:3392: riscv64-pc-linux-gnu-gcc -o conftest -O2 -pipe -O2 -pipe -isystem /home/username/gentoo/usr/include -D_FILE_OFFSET_BITS=64 -D_LARGEFILE_SOURCE -D_LARGEFILE64_SOURCE -L/home/username/gentoo/usr/lib -Wl,--dynamic-linker=/home/username/gentoo/lib/ld-linux-riscv64-lp64d.so.1 -Wl,--no-gc-sections conftest.c  >&5
configure:3396: $? = 0
configure:3418: result:
configure:3440: checking whether we are cross compiling
configure:3448: riscv64-pc-linux-gnu-gcc -o conftest -O2 -pipe -O2 -pipe -isystem /home/username/gentoo/usr/include -D_FILE_OFFSET_BITS=64 -D_LARGEFILE_SOURCE -D_LARGEFILE64_SOURCE -L/home/username/gentoo/usr/lib -Wl,--dynamic-linker=/home/username/gentoo/lib/ld-linux-riscv64-lp64d.so.1 -Wl,--no-gc-sections conftest.c  >&5
configure:3452: $? = 0
configure:3459: ./conftest
configure:3463: $? = 0
configure:3478: result: no
configure:3483: checking for suffix of object files
configure:3505: riscv64-pc-linux-gnu-gcc -c -O2 -pipe -O2 -pipe -isystem /home/username/gentoo/usr/include -D_FILE_OFFSET_BITS=64 -D_LARGEFILE_SOURCE -D_LARGEFILE64_SOURCE conftest.c >&5
configure:3509: $? = 0
configure:3530: result: o
configure:3534: checking whether we are using the GNU C compiler
configure:3553: riscv64-pc-linux-gnu-gcc -c -O2 -pipe -O2 -pipe -isystem /home/username/gentoo/usr/include -D_FILE_OFFSET_BITS=64 -D_LARGEFILE_SOURCE -D_LARGEFILE64_SOURCE conftest.c >&5
configure:3553: $? = 0
configure:3562: result: yes
configure:3571: checking whether riscv64-pc-linux-gnu-gcc accepts -g
configure:3591: riscv64-pc-linux-gnu-gcc -c -g -isystem /home/username/gentoo/usr/include -D_FILE_OFFSET_BITS=64 -D_LARGEFILE_SOURCE -D_LARGEFILE64_SOURCE conftest.c >&5
configure:3591: $? = 0
configure:3632: result: yes
configure:3649: checking for riscv64-pc-linux-gnu-gcc option to accept ISO C89
configure:3712: riscv64-pc-linux-gnu-gcc  -c -O2 -pipe -O2 -pipe -isystem /home/username/gentoo/usr/include -D_FILE_OFFSET_BITS=64 -D_LARGEFILE_SOURCE -D_LARGEFILE64_SOURCE conftest.c >&5
configure:3712: $? = 0
configure:3725: result: none needed
configure:3750: checking whether riscv64-pc-linux-gnu-gcc understands -c and -o together
configure:3772: riscv64-pc-linux-gnu-gcc -c conftest.c -o conftest2.o
configure:3775: $? = 0
configure:3772: riscv64-pc-linux-gnu-gcc -c conftest.c -o conftest2.o
configure:3775: $? = 0
configure:3787: result: yes
configure:3807: checking whether make supports the include directive
configure:3822: make -f confmf.GNU && cat confinc.out
this is the am__doit target
configure:3825: $? = 0
configure:3844: result: yes (GNU style)
configure:3869: checking dependency style of riscv64-pc-linux-gnu-gcc
configure:3980: result: none
configure:4002: checking how to run the C preprocessor
configure:4033: riscv64-pc-linux-gnu-gcc -E -isystem /home/username/gentoo/usr/include -D_FILE_OFFSET_BITS=64 -D_LARGEFILE_SOURCE -D_LARGEFILE64_SOURCE conftest.c
configure:4033: $? = 0
configure:4047: riscv64-pc-linux-gnu-gcc -E -isystem /home/username/gentoo/usr/include -D_FILE_OFFSET_BITS=64 -D_LARGEFILE_SOURCE -D_LARGEFILE64_SOURCE conftest.c
conftest.c:11:10: fatal error: ac_nonexistent.h: No such file or directory
   11 | #include <ac_nonexistent.h>
      |          ^~~~~~~~~~~~~~~~~~
compilation terminated.
configure:4047: $? = 1
configure: failed program was:
| /* confdefs.h */
| #define PACKAGE_NAME "attr"
| #define PACKAGE_TARNAME "attr"
| #define PACKAGE_VERSION "2.5.1"
| #define PACKAGE_STRING "attr 2.5.1"
| #define PACKAGE_BUGREPORT "acl-devel@nongnu.org"
| #define PACKAGE_URL ""
| #define PACKAGE "attr"
| #define VERSION "2.5.1"
| /* end confdefs.h.  */
| #include <ac_nonexistent.h>
configure:4072: result: riscv64-pc-linux-gnu-gcc -E
configure:4092: riscv64-pc-linux-gnu-gcc -E -isystem /home/username/gentoo/usr/include -D_FILE_OFFSET_BITS=64 -D_LARGEFILE_SOURCE -D_LARGEFILE64_SOURCE conftest.c
configure:4092: $? = 0
configure:4106: riscv64-pc-linux-gnu-gcc -E -isystem /home/username/gentoo/usr/include -D_FILE_OFFSET_BITS=64 -D_LARGEFILE_SOURCE -D_LARGEFILE64_SOURCE conftest.c
conftest.c:11:10: fatal error: ac_nonexistent.h: No such file or directory
   11 | #include <ac_nonexistent.h>
      |          ^~~~~~~~~~~~~~~~~~
compilation terminated.
configure:4106: $? = 1
configure: failed program was:
| /* confdefs.h */
| #define PACKAGE_NAME "attr"
| #define PACKAGE_TARNAME "attr"
| #define PACKAGE_VERSION "2.5.1"
| #define PACKAGE_STRING "attr 2.5.1"
| #define PACKAGE_BUGREPORT "acl-devel@nongnu.org"
| #define PACKAGE_URL ""
| #define PACKAGE "attr"
| #define VERSION "2.5.1"
| /* end confdefs.h.  */
| #include <ac_nonexistent.h>
configure:4135: checking for grep that handles long lines and -e
configure:4193: result: /bin/grep
configure:4198: checking for egrep
configure:4260: result: /bin/grep -E
configure:4265: checking for ANSI C header files
configure:4285: riscv64-pc-linux-gnu-gcc -c -O2 -pipe -O2 -pipe -isystem /home/username/gentoo/usr/include -D_FILE_OFFSET_BITS=64 -D_LARGEFILE_SOURCE -D_LARGEFILE64_SOURCE conftest.c >&5
configure:4285: $? = 0
configure:4358: riscv64-pc-linux-gnu-gcc -o conftest -O2 -pipe -O2 -pipe -isystem /home/username/gentoo/usr/include -D_FILE_OFFSET_BITS=64 -D_LARGEFILE_SOURCE -D_LARGEFILE64_SOURCE -L/home/username/gentoo/usr/lib -Wl,--dynamic-linker=/home/username/gentoo/lib/ld-linux-riscv64-lp64d.so.1 -Wl,--no-gc-sections conftest.c  >&5
configure:4358: $? = 0
configure:4358: ./conftest
configure:4358: $? = 0
configure:4369: result: yes
configure:4382: checking for sys/types.h
configure:4382: riscv64-pc-linux-gnu-gcc -c -O2 -pipe -O2 -pipe -isystem /home/username/gentoo/usr/include -D_FILE_OFFSET_BITS=64 -D_LARGEFILE_SOURCE -D_LARGEFILE64_SOURCE conftest.c >&5
configure:4382: $? = 0
configure:4382: result: yes
configure:4382: checking for sys/stat.h
configure:4382: riscv64-pc-linux-gnu-gcc -c -O2 -pipe -O2 -pipe -isystem /home/username/gentoo/usr/include -D_FILE_OFFSET_BITS=64 -D_LARGEFILE_SOURCE -D_LARGEFILE64_SOURCE conftest.c >&5
configure:4382: $? = 0
configure:4382: result: yes
configure:4382: checking for stdlib.h
configure:4382: riscv64-pc-linux-gnu-gcc -c -O2 -pipe -O2 -pipe -isystem /home/username/gentoo/usr/include -D_FILE_OFFSET_BITS=64 -D_LARGEFILE_SOURCE -D_LARGEFILE64_SOURCE conftest.c >&5
configure:4382: $? = 0
configure:4382: result: yes
configure:4382: checking for string.h
configure:4382: riscv64-pc-linux-gnu-gcc -c -O2 -pipe -O2 -pipe -isystem /home/username/gentoo/usr/include -D_FILE_OFFSET_BITS=64 -D_LARGEFILE_SOURCE -D_LARGEFILE64_SOURCE conftest.c >&5
configure:4382: $? = 0
configure:4382: result: yes
configure:4382: checking for memory.h
configure:4382: riscv64-pc-linux-gnu-gcc -c -O2 -pipe -O2 -pipe -isystem /home/username/gentoo/usr/include -D_FILE_OFFSET_BITS=64 -D_LARGEFILE_SOURCE -D_LARGEFILE64_SOURCE conftest.c >&5
configure:4382: $? = 0
configure:4382: result: yes
configure:4382: checking for strings.h
configure:4382: riscv64-pc-linux-gnu-gcc -c -O2 -pipe -O2 -pipe -isystem /home/username/gentoo/usr/include -D_FILE_OFFSET_BITS=64 -D_LARGEFILE_SOURCE -D_LARGEFILE64_SOURCE conftest.c >&5
configure:4382: $? = 0
configure:4382: result: yes
configure:4382: checking for inttypes.h
configure:4382: riscv64-pc-linux-gnu-gcc -c -O2 -pipe -O2 -pipe -isystem /home/username/gentoo/usr/include -D_FILE_OFFSET_BITS=64 -D_LARGEFILE_SOURCE -D_LARGEFILE64_SOURCE conftest.c >&5
configure:4382: $? = 0
configure:4382: result: yes
configure:4382: checking for stdint.h
configure:4382: riscv64-pc-linux-gnu-gcc -c -O2 -pipe -O2 -pipe -isystem /home/username/gentoo/usr/include -D_FILE_OFFSET_BITS=64 -D_LARGEFILE_SOURCE -D_LARGEFILE64_SOURCE conftest.c >&5
configure:4382: $? = 0
configure:4382: result: yes
configure:4382: checking for unistd.h
configure:4382: riscv64-pc-linux-gnu-gcc -c -O2 -pipe -O2 -pipe -isystem /home/username/gentoo/usr/include -D_FILE_OFFSET_BITS=64 -D_LARGEFILE_SOURCE -D_LARGEFILE64_SOURCE conftest.c >&5
configure:4382: $? = 0
configure:4382: result: yes
configure:4395: checking minix/config.h usability
configure:4395: riscv64-pc-linux-gnu-gcc -c -O2 -pipe -O2 -pipe -isystem /home/username/gentoo/usr/include -D_FILE_OFFSET_BITS=64 -D_LARGEFILE_SOURCE -D_LARGEFILE64_SOURCE conftest.c >&5
conftest.c:54:10: fatal error: minix/config.h: No such file or directory
   54 | #include <minix/config.h>
      |          ^~~~~~~~~~~~~~~~
compilation terminated.
configure:4395: $? = 1
configure: failed program was:
| /* confdefs.h */
| #define PACKAGE_NAME "attr"
| #define PACKAGE_TARNAME "attr"
| #define PACKAGE_VERSION "2.5.1"
| #define PACKAGE_STRING "attr 2.5.1"
| #define PACKAGE_BUGREPORT "acl-devel@nongnu.org"
| #define PACKAGE_URL ""
| #define PACKAGE "attr"
| #define VERSION "2.5.1"
| #define STDC_HEADERS 1
| #define HAVE_SYS_TYPES_H 1
| #define HAVE_SYS_STAT_H 1
| #define HAVE_STDLIB_H 1
| #define HAVE_STRING_H 1
| #define HAVE_MEMORY_H 1
| #define HAVE_STRINGS_H 1
| #define HAVE_INTTYPES_H 1
| #define HAVE_STDINT_H 1
| #define HAVE_UNISTD_H 1
| /* end confdefs.h.  */
| #include <stdio.h>
| #ifdef HAVE_SYS_TYPES_H
| # include <sys/types.h>
| #endif
| #ifdef HAVE_SYS_STAT_H
| # include <sys/stat.h>
| #endif
| #ifdef STDC_HEADERS
| # include <stdlib.h>
| # include <stddef.h>
| #else
| # ifdef HAVE_STDLIB_H
| #  include <stdlib.h>
| # endif
| #endif
| #ifdef HAVE_STRING_H
| # if !defined STDC_HEADERS && defined HAVE_MEMORY_H
| #  include <memory.h>
| # endif
| # include <string.h>
| #endif
| #ifdef HAVE_STRINGS_H
| # include <strings.h>
| #endif
| #ifdef HAVE_INTTYPES_H
| # include <inttypes.h>
| #endif
| #ifdef HAVE_STDINT_H
| # include <stdint.h>
| #endif
| #ifdef HAVE_UNISTD_H
| # include <unistd.h>
| #endif
| #include <minix/config.h>
configure:4395: result: no
configure:4395: checking minix/config.h presence
configure:4395: riscv64-pc-linux-gnu-gcc -E -isystem /home/username/gentoo/usr/include -D_FILE_OFFSET_BITS=64 -D_LARGEFILE_SOURCE -D_LARGEFILE64_SOURCE conftest.c
conftest.c:21:10: fatal error: minix/config.h: No such file or directory
   21 | #include <minix/config.h>
      |          ^~~~~~~~~~~~~~~~
compilation terminated.
configure:4395: $? = 1
configure: failed program was:
| /* confdefs.h */
| #define PACKAGE_NAME "attr"
| #define PACKAGE_TARNAME "attr"
| #define PACKAGE_VERSION "2.5.1"
| #define PACKAGE_STRING "attr 2.5.1"
| #define PACKAGE_BUGREPORT "acl-devel@nongnu.org"
| #define PACKAGE_URL ""
| #define PACKAGE "attr"
| #define VERSION "2.5.1"
| #define STDC_HEADERS 1
| #define HAVE_SYS_TYPES_H 1
| #define HAVE_SYS_STAT_H 1
| #define HAVE_STDLIB_H 1
| #define HAVE_STRING_H 1
| #define HAVE_MEMORY_H 1
| #define HAVE_STRINGS_H 1
| #define HAVE_INTTYPES_H 1
| #define HAVE_STDINT_H 1
| #define HAVE_UNISTD_H 1
| /* end confdefs.h.  */
| #include <minix/config.h>
configure:4395: result: no
configure:4395: checking for minix/config.h
configure:4395: result: no
configure:4416: checking whether it is safe to define __EXTENSIONS__
configure:4434: riscv64-pc-linux-gnu-gcc -c -O2 -pipe -O2 -pipe -isystem /home/username/gentoo/usr/include -D_FILE_OFFSET_BITS=64 -D_LARGEFILE_SOURCE -D_LARGEFILE64_SOURCE conftest.c >&5
configure:4434: $? = 0
configure:4441: result: yes
configure:4455: checking for an ANSI C-conforming const
configure:4521: riscv64-pc-linux-gnu-gcc -c -O2 -pipe -O2 -pipe -isystem /home/username/gentoo/usr/include -D_FILE_OFFSET_BITS=64 -D_LARGEFILE_SOURCE -D_LARGEFILE64_SOURCE conftest.c >&5
configure:4521: $? = 0
configure:4528: result: yes
configure:4536: checking for mode_t
configure:4536: riscv64-pc-linux-gnu-gcc -c -O2 -pipe -O2 -pipe -isystem /home/username/gentoo/usr/include -D_FILE_OFFSET_BITS=64 -D_LARGEFILE_SOURCE -D_LARGEFILE64_SOURCE conftest.c >&5
configure:4536: $? = 0
configure:4536: riscv64-pc-linux-gnu-gcc -c -O2 -pipe -O2 -pipe -isystem /home/username/gentoo/usr/include -D_FILE_OFFSET_BITS=64 -D_LARGEFILE_SOURCE -D_LARGEFILE64_SOURCE conftest.c >&5
conftest.c: In function 'main':
conftest.c:62:21: error: expected expression before ')' token
   62 | if (sizeof ((mode_t)))
      |                     ^
configure:4536: $? = 1
configure: failed program was:
| /* confdefs.h */
| #define PACKAGE_NAME "attr"
| #define PACKAGE_TARNAME "attr"
| #define PACKAGE_VERSION "2.5.1"
| #define PACKAGE_STRING "attr 2.5.1"
| #define PACKAGE_BUGREPORT "acl-devel@nongnu.org"
| #define PACKAGE_URL ""
| #define PACKAGE "attr"
| #define VERSION "2.5.1"
| #define STDC_HEADERS 1
| #define HAVE_SYS_TYPES_H 1
| #define HAVE_SYS_STAT_H 1
| #define HAVE_STDLIB_H 1
| #define HAVE_STRING_H 1
| #define HAVE_MEMORY_H 1
| #define HAVE_STRINGS_H 1
| #define HAVE_INTTYPES_H 1
| #define HAVE_STDINT_H 1
| #define HAVE_UNISTD_H 1
| #define __EXTENSIONS__ 1
| #define _ALL_SOURCE 1
| #define _GNU_SOURCE 1
| #define _POSIX_PTHREAD_SEMANTICS 1
| #define _TANDEM_SOURCE 1
| /* end confdefs.h.  */
| #include <stdio.h>
| #ifdef HAVE_SYS_TYPES_H
| # include <sys/types.h>
| #endif
| #ifdef HAVE_SYS_STAT_H
| # include <sys/stat.h>
| #endif
| #ifdef STDC_HEADERS
| # include <stdlib.h>
| # include <stddef.h>
| #else
| # ifdef HAVE_STDLIB_H
| #  include <stdlib.h>
| # endif
| #endif
| #ifdef HAVE_STRING_H
| # if !defined STDC_HEADERS && defined HAVE_MEMORY_H
| #  include <memory.h>
| # endif
| # include <string.h>
| #endif
| #ifdef HAVE_STRINGS_H
| # include <strings.h>
| #endif
| #ifdef HAVE_INTTYPES_H
| # include <inttypes.h>
| #endif
| #ifdef HAVE_STDINT_H
| # include <stdint.h>
| #endif
| #ifdef HAVE_UNISTD_H
| # include <unistd.h>
| #endif
| int
| main ()
| {
| if (sizeof ((mode_t)))
| 	    return 0;
|   ;
|   return 0;
| }
configure:4536: result: yes
configure:4547: checking for size_t
configure:4547: riscv64-pc-linux-gnu-gcc -c -O2 -pipe -O2 -pipe -isystem /home/username/gentoo/usr/include -D_FILE_OFFSET_BITS=64 -D_LARGEFILE_SOURCE -D_LARGEFILE64_SOURCE conftest.c >&5
configure:4547: $? = 0
configure:4547: riscv64-pc-linux-gnu-gcc -c -O2 -pipe -O2 -pipe -isystem /home/username/gentoo/usr/include -D_FILE_OFFSET_BITS=64 -D_LARGEFILE_SOURCE -D_LARGEFILE64_SOURCE conftest.c >&5
conftest.c: In function 'main':
conftest.c:62:21: error: expected expression before ')' token
   62 | if (sizeof ((size_t)))
      |                     ^
configure:4547: $? = 1
configure: failed program was:
| /* confdefs.h */
| #define PACKAGE_NAME "attr"
| #define PACKAGE_TARNAME "attr"
| #define PACKAGE_VERSION "2.5.1"
| #define PACKAGE_STRING "attr 2.5.1"
| #define PACKAGE_BUGREPORT "acl-devel@nongnu.org"
| #define PACKAGE_URL ""
| #define PACKAGE "attr"
| #define VERSION "2.5.1"
| #define STDC_HEADERS 1
| #define HAVE_SYS_TYPES_H 1
| #define HAVE_SYS_STAT_H 1
| #define HAVE_STDLIB_H 1
| #define HAVE_STRING_H 1
| #define HAVE_MEMORY_H 1
| #define HAVE_STRINGS_H 1
| #define HAVE_INTTYPES_H 1
| #define HAVE_STDINT_H 1
| #define HAVE_UNISTD_H 1
| #define __EXTENSIONS__ 1
| #define _ALL_SOURCE 1
| #define _GNU_SOURCE 1
| #define _POSIX_PTHREAD_SEMANTICS 1
| #define _TANDEM_SOURCE 1
| /* end confdefs.h.  */
| #include <stdio.h>
| #ifdef HAVE_SYS_TYPES_H
| # include <sys/types.h>
| #endif
| #ifdef HAVE_SYS_STAT_H
| # include <sys/stat.h>
| #endif
| #ifdef STDC_HEADERS
| # include <stdlib.h>
| # include <stddef.h>
| #else
| # ifdef HAVE_STDLIB_H
| #  include <stdlib.h>
| # endif
| #endif
| #ifdef HAVE_STRING_H
| # if !defined STDC_HEADERS && defined HAVE_MEMORY_H
| #  include <memory.h>
| # endif
| # include <string.h>
| #endif
| #ifdef HAVE_STRINGS_H
| # include <strings.h>
| #endif
| #ifdef HAVE_INTTYPES_H
| # include <inttypes.h>
| #endif
| #ifdef HAVE_STDINT_H
| # include <stdint.h>
| #endif
| #ifdef HAVE_UNISTD_H
| # include <unistd.h>
| #endif
| int
| main ()
| {
| if (sizeof ((size_t)))
| 	    return 0;
|   ;
|   return 0;
| }
configure:4547: result: yes
configure:4560: checking for working alloca.h
configure:4577: riscv64-pc-linux-gnu-gcc -o conftest -O2 -pipe -O2 -pipe -isystem /home/username/gentoo/usr/include -D_FILE_OFFSET_BITS=64 -D_LARGEFILE_SOURCE -D_LARGEFILE64_SOURCE -L/home/username/gentoo/usr/lib -Wl,--dynamic-linker=/home/username/gentoo/lib/ld-linux-riscv64-lp64d.so.1 -Wl,--no-gc-sections conftest.c  >&5
configure:4577: $? = 0
configure:4585: result: yes
configure:4593: checking for alloca
configure:4630: riscv64-pc-linux-gnu-gcc -o conftest -O2 -pipe -O2 -pipe -isystem /home/username/gentoo/usr/include -D_FILE_OFFSET_BITS=64 -D_LARGEFILE_SOURCE -D_LARGEFILE64_SOURCE -L/home/username/gentoo/usr/lib -Wl,--dynamic-linker=/home/username/gentoo/lib/ld-linux-riscv64-lp64d.so.1 -Wl,--no-gc-sections conftest.c  >&5
configure:4630: $? = 0
configure:4638: result: yes
configure:4744: checking whether __attribute__((visibility())) is supported
configure:4765: result: yes
configure:4788: checking for special C compiler options needed for large files
configure:4833: result: no
configure:4839: checking for _FILE_OFFSET_BITS value needed for large files
configure:4864: riscv64-pc-linux-gnu-gcc -c -O2 -pipe -O2 -pipe -fvisibility=hidden -isystem /home/username/gentoo/usr/include -D_FILE_OFFSET_BITS=64 -D_LARGEFILE_SOURCE -D_LARGEFILE64_SOURCE conftest.c >&5
configure:4864: $? = 0
configure:4896: result: no
configure:4987: checking for riscv64-pc-linux-gnu-ar
configure:5003: found /home/username/gentoo/usr/bin/riscv64-pc-linux-gnu-ar
configure:5014: result: riscv64-pc-linux-gnu-ar
configure:5084: checking the archiver (riscv64-pc-linux-gnu-ar) interface
configure:5100: riscv64-pc-linux-gnu-gcc -c -O2 -pipe -O2 -pipe -fvisibility=hidden -isystem /home/username/gentoo/usr/include -D_FILE_OFFSET_BITS=64 -D_LARGEFILE_SOURCE -D_LARGEFILE64_SOURCE conftest.c >&5
configure:5100: $? = 0
configure:5102: riscv64-pc-linux-gnu-ar cru libconftest.a conftest.o >&5
/home/username/gentoo/usr/bin/riscv64-pc-linux-gnu-ar: error while loading shared libraries: libfl.so.2: cannot open shared object file: No such file or directory
configure:5105: $? = 127
configure:5111: riscv64-pc-linux-gnu-ar -NOLOGO -OUT:conftest.lib conftest.o >&5
/home/username/gentoo/usr/bin/riscv64-pc-linux-gnu-ar: error while loading shared libraries: libfl.so.2: cannot open shared object file: No such file or directory
configure:5114: $? = 127
configure:5133: result: unknown
configure:5149: error: could not determine riscv64-pc-linux-gnu-ar interface

## ---------------- ##
## Cache variables. ##
## ---------------- ##

ac_cv_c_compiler_gnu=yes
ac_cv_c_const=yes
ac_cv_env_CC_set=
ac_cv_env_CC_value=
ac_cv_env_CFLAGS_set=set
ac_cv_env_CFLAGS_value='-O2 -pipe -O2 -pipe'
ac_cv_env_CPPFLAGS_set=set
ac_cv_env_CPPFLAGS_value='-isystem /home/username/gentoo/usr/include -D_FILE_OFFSET_BITS=64 -D_LARGEFILE_SOURCE -D_LARGEFILE64_SOURCE'
ac_cv_env_CPP_set=
ac_cv_env_CPP_value=
ac_cv_env_LDFLAGS_set=set
ac_cv_env_LDFLAGS_value='-L/home/username/gentoo/usr/lib -Wl,--dynamic-linker=/home/username/gentoo/lib/ld-linux-riscv64-lp64d.so.1 -Wl,--no-gc-sections'
ac_cv_env_LIBS_set=
ac_cv_env_LIBS_value=
ac_cv_env_LT_SYS_LIBRARY_PATH_set=
ac_cv_env_LT_SYS_LIBRARY_PATH_value=
ac_cv_env_build_alias_set=set
ac_cv_env_build_alias_value=riscv64-pc-linux-gnu
ac_cv_env_host_alias_set=set
ac_cv_env_host_alias_value=riscv64-pc-linux-gnu
ac_cv_env_target_alias_set=
ac_cv_env_target_alias_value=
ac_cv_func_alloca_works=yes
ac_cv_header_inttypes_h=yes
ac_cv_header_memory_h=yes
ac_cv_header_minix_config_h=no
ac_cv_header_stdc=yes
ac_cv_header_stdint_h=yes
ac_cv_header_stdlib_h=yes
ac_cv_header_string_h=yes
ac_cv_header_strings_h=yes
ac_cv_header_sys_stat_h=yes
ac_cv_header_sys_types_h=yes
ac_cv_header_unistd_h=yes
ac_cv_objext=o
ac_cv_path_EGREP='/bin/grep -E'
ac_cv_path_GREP=/bin/grep
ac_cv_path_install='/usr/bin/install -c'
ac_cv_path_mkdir=/bin/mkdir
ac_cv_prog_AR=riscv64-pc-linux-gnu-ar
ac_cv_prog_AWK=gawk
ac_cv_prog_CC=riscv64-pc-linux-gnu-gcc
ac_cv_prog_CPP='riscv64-pc-linux-gnu-gcc -E'
ac_cv_prog_cc_c89=
ac_cv_prog_cc_g=yes
ac_cv_prog_make_make_set=yes
ac_cv_safe_to_define___extensions__=yes
ac_cv_sys_file_offset_bits=no
ac_cv_sys_largefile_CC=no
ac_cv_type_mode_t=yes
ac_cv_type_size_t=yes
ac_cv_working_alloca_h=yes
am_cv_CC_dependencies_compiler_type=none
am_cv_ar_interface=unknown
am_cv_make_support_nested_variables=yes
am_cv_prog_cc_c_o=yes
libc_cv_visibility_attribute=yes

## ----------------- ##
## Output variables. ##
## ----------------- ##

ACLOCAL='${SHELL} /home/username/gentoo/var/tmp/portage/sys-apps/attr-2.5.1/work/attr-2.5.1/build-aux/missing aclocal-1.16'
ALLOCA=''
AMDEPBACKSLASH=''
AMDEP_FALSE=''
AMDEP_TRUE='#'
AMTAR='$${TAR-tar}'
AM_BACKSLASH='\'
AM_DEFAULT_V='$(AM_DEFAULT_VERBOSITY)'
AM_DEFAULT_VERBOSITY='1'
AM_V='$(V)'
AR='riscv64-pc-linux-gnu-ar'
AUTOCONF='${SHELL} /home/username/gentoo/var/tmp/portage/sys-apps/attr-2.5.1/work/attr-2.5.1/build-aux/missing autoconf'
AUTOHEADER='${SHELL} /home/username/gentoo/var/tmp/portage/sys-apps/attr-2.5.1/work/attr-2.5.1/build-aux/missing autoheader'
AUTOMAKE='${SHELL} /home/username/gentoo/var/tmp/portage/sys-apps/attr-2.5.1/work/attr-2.5.1/build-aux/missing automake-1.16'
AWK='gawk'
CC='riscv64-pc-linux-gnu-gcc'
CCDEPMODE='depmode=none'
CFLAGS='-O2 -pipe -O2 -pipe -fvisibility=hidden'
CPP='riscv64-pc-linux-gnu-gcc -E'
CPPFLAGS='-isystem /home/username/gentoo/usr/include -D_FILE_OFFSET_BITS=64 -D_LARGEFILE_SOURCE -D_LARGEFILE64_SOURCE'
CYGPATH_W='echo'
DEFS=''
DEPDIR='.deps'
DLLTOOL=''
DSYMUTIL=''
DUMPBIN=''
ECHO_C=''
ECHO_N='-n'
ECHO_T=''
EGREP='/bin/grep -E'
EXEEXT=''
FGREP=''
GETTEXT_MACRO_VERSION=''
GMSGFMT=''
GMSGFMT_015=''
GREP='/bin/grep'
INSTALL_DATA='${INSTALL} -m 644'
INSTALL_PROGRAM='${INSTALL}'
INSTALL_SCRIPT='${INSTALL}'
INSTALL_STRIP_PROGRAM='$(install_sh) -c -s'
INTLLIBS=''
INTL_MACOSX_LIBS=''
LD=''
LDFLAGS='-L/home/username/gentoo/usr/lib -Wl,--dynamic-linker=/home/username/gentoo/lib/ld-linux-riscv64-lp64d.so.1 -Wl,--no-gc-sections'
LIBICONV=''
LIBINTL=''
LIBOBJS=''
LIBS=''
LIBTOOL=''
LIPO=''
LN_S=''
LTLIBICONV=''
LTLIBINTL=''
LTLIBOBJS=''
LT_REVISION=''
LT_SYS_LIBRARY_PATH=''
MAKEINFO='${SHELL} /home/username/gentoo/var/tmp/portage/sys-apps/attr-2.5.1/work/attr-2.5.1/build-aux/missing makeinfo'
MANIFEST_TOOL=''
MKDIR_P='/bin/mkdir -p'
MSGFMT=''
MSGFMT_015=''
MSGMERGE=''
NM=''
NMEDIT=''
OBJDUMP=''
OBJEXT='o'
OTOOL64=''
OTOOL=''
PACKAGE='attr'
PACKAGE_BUGREPORT='acl-devel@nongnu.org'
PACKAGE_NAME='attr'
PACKAGE_STRING='attr 2.5.1'
PACKAGE_TARNAME='attr'
PACKAGE_URL=''
PACKAGE_VERSION='2.5.1'
PATH_SEPARATOR=':'
POSUB=''
RANLIB=''
SED=''
SET_MAKE=''
SHELL='/home/username/gentoo/tmp/bin/bash'
STRIP=''
USE_NLS=''
VERSION='2.5.1'
XGETTEXT=''
XGETTEXT_015=''
XGETTEXT_EXTRA_OPTIONS=''
ac_ct_AR=''
ac_ct_CC=''
ac_ct_DUMPBIN=''
am__EXEEXT_FALSE=''
am__EXEEXT_TRUE=''
am__fastdepCC_FALSE=''
am__fastdepCC_TRUE='#'
am__include='include'
am__isrc=' -I$(srcdir)'
am__leading_dot='.'
am__nodep=''
am__quote=''
am__tar='$${TAR-tar} chof - "$$tardir"'
am__untar='$${TAR-tar} xf -'
bindir='/home/username/gentoo/bin'
build='riscv64-pc-linux-gnu'
build_alias='riscv64-pc-linux-gnu'
build_cpu=''
build_os=''
build_vendor=''
datadir='/home/username/gentoo/usr/share'
datarootdir='${prefix}/share'
docdir='/home/username/gentoo/usr/share/doc/attr-2.5.1'
dvidir='${docdir}'
exec_prefix='NONE'
host='riscv64-pc-linux-gnu'
host_alias='riscv64-pc-linux-gnu'
host_cpu=''
host_os=''
host_vendor=''
htmldir='/home/username/gentoo/usr/share/doc/attr-2.5.1/html'
includedir='${prefix}/include'
infodir='/home/username/gentoo/usr/share/info'
install_sh='${SHELL} /home/username/gentoo/var/tmp/portage/sys-apps/attr-2.5.1/work/attr-2.5.1/build-aux/install-sh'
libdir='/home/username/gentoo/usr/lib'
libexecdir='/home/username/gentoo/usr/lib'
localedir='${datarootdir}/locale'
localstatedir='/home/username/gentoo/var/lib'
mandir='/home/username/gentoo/usr/share/man'
mkdir_p='$(MKDIR_P)'
oldincludedir='/usr/include'
pdfdir='${docdir}'
prefix='/home/username/gentoo/usr'
program_transform_name='s,x,x,'
psdir='${docdir}'
sbindir='${exec_prefix}/sbin'
sharedstatedir='${prefix}/com'
sysconfdir='/home/username/gentoo/etc'
target_alias=''

## ----------- ##
## confdefs.h. ##
## ----------- ##

/* confdefs.h */
#define PACKAGE_NAME "attr"
#define PACKAGE_TARNAME "attr"
#define PACKAGE_VERSION "2.5.1"
#define PACKAGE_STRING "attr 2.5.1"
#define PACKAGE_BUGREPORT "acl-devel@nongnu.org"
#define PACKAGE_URL ""
#define PACKAGE "attr"
#define VERSION "2.5.1"
#define STDC_HEADERS 1
#define HAVE_SYS_TYPES_H 1
#define HAVE_SYS_STAT_H 1
#define HAVE_STDLIB_H 1
#define HAVE_STRING_H 1
#define HAVE_MEMORY_H 1
#define HAVE_STRINGS_H 1
#define HAVE_INTTYPES_H 1
#define HAVE_STDINT_H 1
#define HAVE_UNISTD_H 1
#define __EXTENSIONS__ 1
#define _ALL_SOURCE 1
#define _GNU_SOURCE 1
#define _POSIX_PTHREAD_SEMANTICS 1
#define _TANDEM_SOURCE 1
#define HAVE_ALLOCA_H 1
#define HAVE_ALLOCA 1
#define HAVE_VISIBILITY_ATTRIBUTE /**/
#define EXPORT __attribute__ ((visibility ("default"))) extern

configure: exit 1
sh-5.1$ cat /home/username/gentoo/var/tmp/portage/sys-apps/attr-2.5.1/work/attr-2.5.1-.default/config.log | grep ar
  $ /home/username/gentoo/var/tmp/portage/sys-apps/attr-2.5.1/work/attr-2.5.1/configure --prefix=/home/username/gentoo/usr --build=riscv64-pc-linux-gnu --host=riscv64-pc-linux-gnu --mandir=/home/username/gentoo/usr/share/man --infodir=/home/username/gentoo/usr/share/info --datadir=/home/username/gentoo/usr/share --sysconfdir=/home/username/gentoo/etc --localstatedir=/home/username/gentoo/var/lib --disable-dependency-tracking --disable-silent-rules --docdir=/home/username/gentoo/usr/share/doc/attr-2.5.1 --htmldir=/home/username/gentoo/usr/share/doc/attr-2.5.1/html --with-sysroot=/home/username/gentoo --libdir=/home/username/gentoo/usr/lib --bindir=/home/username/gentoo/bin --enable-shared --disable-static --disable-nls --libexecdir=/home/username/gentoo/usr/lib --disable-debug
/bin/arch              = unknown
/usr/bin/arch -k       = unknown
configure:2773: checking whether make supports nested variables
configure:2927: checking whether make supports nested variables
Copyright (C) 2020 Free Software Foundation, Inc.
This is free software; see the source for copying conditions.  There is NO
warranty; not even for MERCHANTABILITY or FITNESS FOR A PARTICULAR PURPOSE.
Target: riscv64-pc-linux-gnu
Configured with: /home/username/gentoo/tmp/var/tmp/portage/sys-devel/gcc-10.3.1_p20211126/work/gcc-10-20211126/configure --host=riscv64-pc-linux-gnu --build=riscv64-pc-linux-gnu --prefix=/home/username/gentoo/tmp/usr --bindir=/home/username/gentoo/tmp/usr/riscv64-pc-linux-gnu/gcc-bin/10.3.1 --includedir=/home/username/gentoo/tmp/usr/lib/gcc/riscv64-pc-linux-gnu/10.3.1/include --datadir=/home/username/gentoo/tmp/usr/share/gcc-data/riscv64-pc-linux-gnu/10.3.1 --mandir=/home/username/gentoo/tmp/usr/share/gcc-data/riscv64-pc-linux-gnu/10.3.1/man --infodir=/home/username/gentoo/tmp/usr/share/gcc-data/riscv64-pc-linux-gnu/10.3.1/info --with-gxx-include-dir=/home/username/gentoo/tmp/usr/lib/gcc/riscv64-pc-linux-gnu/10.3.1/include/g++-v10 --with-python-dir=/share/gcc-data/riscv64-pc-linux-gnu/10.3.1/python --enable-languages=c,c++ --enable-obsolete --enable-secureplt --disable-werror --with-system-zlib --disable-nls --disable-libunwind-exceptions --enable-checking=release --with-bugurl=https://bugs.gentoo.org/ --with-pkgversion='Gentoo 10.3.1_p20211126 p0' --disable-esp --enable-libstdcxx-time --enable-shared --enable-threads=posix --enable-__cxa_atexit --enable-clocale=gnu --disable-multilib --disable-fixed-point --with-abi= --enable-libgomp --disable-libssp --disable-libada --disable-cet --disable-systemtap --disable-vtable-verify --disable-libvtv --without-zstd --enable-lto --without-isl --disable-libsanitizer --disable-default-pie --enable-default-ssp --disable-bootstrap --with-linker-hash-style=both --with-local-prefix=/home/username/gentoo
configure:3440: checking whether we are cross compiling
configure:3534: checking whether we are using the GNU C compiler
this is the am__doit target
configure:4788: checking for special C compiler options needed for large files
configure:4839: checking for _FILE_OFFSET_BITS value needed for large files
configure:4987: checking for riscv64-pc-linux-gnu-ar
configure:5003: found /home/username/gentoo/usr/bin/riscv64-pc-linux-gnu-ar
configure:5014: result: riscv64-pc-linux-gnu-ar
configure:5084: checking the archiver (riscv64-pc-linux-gnu-ar) interface
configure:5102: riscv64-pc-linux-gnu-ar cru libconftest.a conftest.o >&5
/home/username/gentoo/usr/bin/riscv64-pc-linux-gnu-ar: error while loading shared libraries: libfl.so.2: cannot open shared object file: No such file or directory
configure:5111: riscv64-pc-linux-gnu-ar -NOLOGO -OUT:conftest.lib conftest.o >&5
/home/username/gentoo/usr/bin/riscv64-pc-linux-gnu-ar: error while loading shared libraries: libfl.so.2: cannot open shared object file: No such file or directory
configure:5149: error: could not determine riscv64-pc-linux-gnu-ar interface
## Cache variables. ##
ac_cv_env_target_alias_set=
ac_cv_env_target_alias_value=
ac_cv_prog_AR=riscv64-pc-linux-gnu-ar
ac_cv_sys_largefile_CC=no
am_cv_ar_interface=unknown
am_cv_make_support_nested_variables=yes
## Output variables. ##
ACLOCAL='${SHELL} /home/username/gentoo/var/tmp/portage/sys-apps/attr-2.5.1/work/attr-2.5.1/build-aux/missing aclocal-1.16'
AMTAR='$${TAR-tar}'
AR='riscv64-pc-linux-gnu-ar'
AUTOCONF='${SHELL} /home/username/gentoo/var/tmp/portage/sys-apps/attr-2.5.1/work/attr-2.5.1/build-aux/missing autoconf'
AUTOHEADER='${SHELL} /home/username/gentoo/var/tmp/portage/sys-apps/attr-2.5.1/work/attr-2.5.1/build-aux/missing autoheader'
AUTOMAKE='${SHELL} /home/username/gentoo/var/tmp/portage/sys-apps/attr-2.5.1/work/attr-2.5.1/build-aux/missing automake-1.16'
MAKEINFO='${SHELL} /home/username/gentoo/var/tmp/portage/sys-apps/attr-2.5.1/work/attr-2.5.1/build-aux/missing makeinfo'
am__tar='$${TAR-tar} chof - "$$tardir"'
am__untar='$${TAR-tar} xf -'
datadir='/home/username/gentoo/usr/share'
datarootdir='${prefix}/share'
docdir='/home/username/gentoo/usr/share/doc/attr-2.5.1'
htmldir='/home/username/gentoo/usr/share/doc/attr-2.5.1/html'
infodir='/home/username/gentoo/usr/share/info'
install_sh='${SHELL} /home/username/gentoo/var/tmp/portage/sys-apps/attr-2.5.1/work/attr-2.5.1/build-aux/install-sh'
localedir='${datarootdir}/locale'
localstatedir='/home/username/gentoo/var/lib'
mandir='/home/username/gentoo/usr/share/man'
sharedstatedir='${prefix}/com'
target_alias=''
sh-5.1$ cat /home/username/gentoo/var/tmp/portage/sys-apps/attr-2.5.1/work/attr-2.5.1-.default/config.log | grep ar
  $ /home/username/gentoo/var/tmp/portage/sys-apps/attr-2.5.1/work/attr-2.5.1/configure --prefix=/home/username/gentoo/usr --build=riscv64-pc-linux-gnu --host=riscv64-pc-linux-gnu --mandir=/home/username/gentoo/usr/share/man --infodir=/home/username/gentoo/usr/share/info --datadir=/home/username/gentoo/usr/share --sysconfdir=/home/username/gentoo/etc --localstatedir=/home/username/gentoo/var/lib --disable-dependency-tracking --disable-silent-rules --docdir=/home/username/gentoo/usr/share/doc/attr-2.5.1 --htmldir=/home/username/gentoo/usr/share/doc/attr-2.5.1/html --with-sysroot=/home/username/gentoo --libdir=/home/username/gentoo/usr/lib --bindir=/home/username/gentoo/bin --enable-shared --disable-static --disable-nls --libexecdir=/home/username/gentoo/usr/lib --disable-debug
/bin/arch              = unknown
/usr/bin/arch -k       = unknown
configure:2773: checking whether make supports nested variables
configure:2927: checking whether make supports nested variables
Copyright (C) 2020 Free Software Foundation, Inc.
This is free software; see the source for copying conditions.  There is NO
warranty; not even for MERCHANTABILITY or FITNESS FOR A PARTICULAR PURPOSE.
Target: riscv64-pc-linux-gnu
Configured with: /home/username/gentoo/tmp/var/tmp/portage/sys-devel/gcc-10.3.1_p20211126/work/gcc-10-20211126/configure --host=riscv64-pc-linux-gnu --build=riscv64-pc-linux-gnu --prefix=/home/username/gentoo/tmp/usr --bindir=/home/username/gentoo/tmp/usr/riscv64-pc-linux-gnu/gcc-bin/10.3.1 --includedir=/home/username/gentoo/tmp/usr/lib/gcc/riscv64-pc-linux-gnu/10.3.1/include --datadir=/home/username/gentoo/tmp/usr/share/gcc-data/riscv64-pc-linux-gnu/10.3.1 --mandir=/home/username/gentoo/tmp/usr/share/gcc-data/riscv64-pc-linux-gnu/10.3.1/man --infodir=/home/username/gentoo/tmp/usr/share/gcc-data/riscv64-pc-linux-gnu/10.3.1/info --with-gxx-include-dir=/home/username/gentoo/tmp/usr/lib/gcc/riscv64-pc-linux-gnu/10.3.1/include/g++-v10 --with-python-dir=/share/gcc-data/riscv64-pc-linux-gnu/10.3.1/python --enable-languages=c,c++ --enable-obsolete --enable-secureplt --disable-werror --with-system-zlib --disable-nls --disable-libunwind-exceptions --enable-checking=release --with-bugurl=https://bugs.gentoo.org/ --with-pkgversion='Gentoo 10.3.1_p20211126 p0' --disable-esp --enable-libstdcxx-time --enable-shared --enable-threads=posix --enable-__cxa_atexit --enable-clocale=gnu --disable-multilib --disable-fixed-point --with-abi= --enable-libgomp --disable-libssp --disable-libada --disable-cet --disable-systemtap --disable-vtable-verify --disable-libvtv --without-zstd --enable-lto --without-isl --disable-libsanitizer --disable-default-pie --enable-default-ssp --disable-bootstrap --with-linker-hash-style=both --with-local-prefix=/home/username/gentoo
configure:3440: checking whether we are cross compiling
configure:3534: checking whether we are using the GNU C compiler
this is the am__doit target
configure:4788: checking for special C compiler options needed for large files
configure:4839: checking for _FILE_OFFSET_BITS value needed for large files
configure:4987: checking for riscv64-pc-linux-gnu-ar
configure:5003: found /home/username/gentoo/usr/bin/riscv64-pc-linux-gnu-ar
configure:5014: result: riscv64-pc-linux-gnu-ar
configure:5084: checking the archiver (riscv64-pc-linux-gnu-ar) interface
configure:5102: riscv64-pc-linux-gnu-ar cru libconftest.a conftest.o >&5
/home/username/gentoo/usr/bin/riscv64-pc-linux-gnu-ar: error while loading shared libraries: libfl.so.2: cannot open shared object file: No such file or directory
configure:5111: riscv64-pc-linux-gnu-ar -NOLOGO -OUT:conftest.lib conftest.o >&5
/home/username/gentoo/usr/bin/riscv64-pc-linux-gnu-ar: error while loading shared libraries: libfl.so.2: cannot open shared object file: No such file or directory
configure:5149: error: could not determine riscv64-pc-linux-gnu-ar interface
## Cache variables. ##
ac_cv_env_target_alias_set=
ac_cv_env_target_alias_value=
ac_cv_prog_AR=riscv64-pc-linux-gnu-ar
ac_cv_sys_largefile_CC=no
am_cv_ar_interface=unknown
am_cv_make_support_nested_variables=yes
## Output variables. ##
ACLOCAL='${SHELL} /home/username/gentoo/var/tmp/portage/sys-apps/attr-2.5.1/work/attr-2.5.1/build-aux/missing aclocal-1.16'
AMTAR='$${TAR-tar}'
AR='riscv64-pc-linux-gnu-ar'
AUTOCONF='${SHELL} /home/username/gentoo/var/tmp/portage/sys-apps/attr-2.5.1/work/attr-2.5.1/build-aux/missing autoconf'
AUTOHEADER='${SHELL} /home/username/gentoo/var/tmp/portage/sys-apps/attr-2.5.1/work/attr-2.5.1/build-aux/missing autoheader'
AUTOMAKE='${SHELL} /home/username/gentoo/var/tmp/portage/sys-apps/attr-2.5.1/work/attr-2.5.1/build-aux/missing automake-1.16'
MAKEINFO='${SHELL} /home/username/gentoo/var/tmp/portage/sys-apps/attr-2.5.1/work/attr-2.5.1/build-aux/missing makeinfo'
am__tar='$${TAR-tar} chof - "$$tardir"'
am__untar='$${TAR-tar} xf -'
datadir='/home/username/gentoo/usr/share'
datarootdir='${prefix}/share'
docdir='/home/username/gentoo/usr/share/doc/attr-2.5.1'
htmldir='/home/username/gentoo/usr/share/doc/attr-2.5.1/html'
infodir='/home/username/gentoo/usr/share/info'
install_sh='${SHELL} /home/username/gentoo/var/tmp/portage/sys-apps/attr-2.5.1/work/attr-2.5.1/build-aux/install-sh'
localedir='${datarootdir}/locale'
localstatedir='/home/username/gentoo/var/lib'
mandir='/home/username/gentoo/usr/share/man'
sharedstatedir='${prefix}/com'
target_alias=''
sh-5.1$ cat /home/username/gentoo/var/tmp/portage/sys-apps/attr-2.5.1/work/attr-2.5.1-.default/config.log | grep "ar"
  $ /home/username/gentoo/var/tmp/portage/sys-apps/attr-2.5.1/work/attr-2.5.1/configure --prefix=/home/username/gentoo/usr --build=riscv64-pc-linux-gnu --host=riscv64-pc-linux-gnu --mandir=/home/username/gentoo/usr/share/man --infodir=/home/username/gentoo/usr/share/info --datadir=/home/username/gentoo/usr/share --sysconfdir=/home/username/gentoo/etc --localstatedir=/home/username/gentoo/var/lib --disable-dependency-tracking --disable-silent-rules --docdir=/home/username/gentoo/usr/share/doc/attr-2.5.1 --htmldir=/home/username/gentoo/usr/share/doc/attr-2.5.1/html --with-sysroot=/home/username/gentoo --libdir=/home/username/gentoo/usr/lib --bindir=/home/username/gentoo/bin --enable-shared --disable-static --disable-nls --libexecdir=/home/username/gentoo/usr/lib --disable-debug
/bin/arch              = unknown
/usr/bin/arch -k       = unknown
configure:2773: checking whether make supports nested variables
configure:2927: checking whether make supports nested variables
Copyright (C) 2020 Free Software Foundation, Inc.
This is free software; see the source for copying conditions.  There is NO
warranty; not even for MERCHANTABILITY or FITNESS FOR A PARTICULAR PURPOSE.
Target: riscv64-pc-linux-gnu
Configured with: /home/username/gentoo/tmp/var/tmp/portage/sys-devel/gcc-10.3.1_p20211126/work/gcc-10-20211126/configure --host=riscv64-pc-linux-gnu --build=riscv64-pc-linux-gnu --prefix=/home/username/gentoo/tmp/usr --bindir=/home/username/gentoo/tmp/usr/riscv64-pc-linux-gnu/gcc-bin/10.3.1 --includedir=/home/username/gentoo/tmp/usr/lib/gcc/riscv64-pc-linux-gnu/10.3.1/include --datadir=/home/username/gentoo/tmp/usr/share/gcc-data/riscv64-pc-linux-gnu/10.3.1 --mandir=/home/username/gentoo/tmp/usr/share/gcc-data/riscv64-pc-linux-gnu/10.3.1/man --infodir=/home/username/gentoo/tmp/usr/share/gcc-data/riscv64-pc-linux-gnu/10.3.1/info --with-gxx-include-dir=/home/username/gentoo/tmp/usr/lib/gcc/riscv64-pc-linux-gnu/10.3.1/include/g++-v10 --with-python-dir=/share/gcc-data/riscv64-pc-linux-gnu/10.3.1/python --enable-languages=c,c++ --enable-obsolete --enable-secureplt --disable-werror --with-system-zlib --disable-nls --disable-libunwind-exceptions --enable-checking=release --with-bugurl=https://bugs.gentoo.org/ --with-pkgversion='Gentoo 10.3.1_p20211126 p0' --disable-esp --enable-libstdcxx-time --enable-shared --enable-threads=posix --enable-__cxa_atexit --enable-clocale=gnu --disable-multilib --disable-fixed-point --with-abi= --enable-libgomp --disable-libssp --disable-libada --disable-cet --disable-systemtap --disable-vtable-verify --disable-libvtv --without-zstd --enable-lto --without-isl --disable-libsanitizer --disable-default-pie --enable-default-ssp --disable-bootstrap --with-linker-hash-style=both --with-local-prefix=/home/username/gentoo
configure:3440: checking whether we are cross compiling
configure:3534: checking whether we are using the GNU C compiler
this is the am__doit target
configure:4788: checking for special C compiler options needed for large files
configure:4839: checking for _FILE_OFFSET_BITS value needed for large files
configure:4987: checking for riscv64-pc-linux-gnu-ar
configure:5003: found /home/username/gentoo/usr/bin/riscv64-pc-linux-gnu-ar
configure:5014: result: riscv64-pc-linux-gnu-ar
configure:5084: checking the archiver (riscv64-pc-linux-gnu-ar) interface
configure:5102: riscv64-pc-linux-gnu-ar cru libconftest.a conftest.o >&5
/home/username/gentoo/usr/bin/riscv64-pc-linux-gnu-ar: error while loading shared libraries: libfl.so.2: cannot open shared object file: No such file or directory
configure:5111: riscv64-pc-linux-gnu-ar -NOLOGO -OUT:conftest.lib conftest.o >&5
/home/username/gentoo/usr/bin/riscv64-pc-linux-gnu-ar: error while loading shared libraries: libfl.so.2: cannot open shared object file: No such file or directory
configure:5149: error: could not determine riscv64-pc-linux-gnu-ar interface
## Cache variables. ##
ac_cv_env_target_alias_set=
ac_cv_env_target_alias_value=
ac_cv_prog_AR=riscv64-pc-linux-gnu-ar
ac_cv_sys_largefile_CC=no
am_cv_ar_interface=unknown
am_cv_make_support_nested_variables=yes
## Output variables. ##
ACLOCAL='${SHELL} /home/username/gentoo/var/tmp/portage/sys-apps/attr-2.5.1/work/attr-2.5.1/build-aux/missing aclocal-1.16'
AMTAR='$${TAR-tar}'
AR='riscv64-pc-linux-gnu-ar'
AUTOCONF='${SHELL} /home/username/gentoo/var/tmp/portage/sys-apps/attr-2.5.1/work/attr-2.5.1/build-aux/missing autoconf'
AUTOHEADER='${SHELL} /home/username/gentoo/var/tmp/portage/sys-apps/attr-2.5.1/work/attr-2.5.1/build-aux/missing autoheader'
AUTOMAKE='${SHELL} /home/username/gentoo/var/tmp/portage/sys-apps/attr-2.5.1/work/attr-2.5.1/build-aux/missing automake-1.16'
MAKEINFO='${SHELL} /home/username/gentoo/var/tmp/portage/sys-apps/attr-2.5.1/work/attr-2.5.1/build-aux/missing makeinfo'
am__tar='$${TAR-tar} chof - "$$tardir"'
am__untar='$${TAR-tar} xf -'
datadir='/home/username/gentoo/usr/share'
datarootdir='${prefix}/share'
docdir='/home/username/gentoo/usr/share/doc/attr-2.5.1'
htmldir='/home/username/gentoo/usr/share/doc/attr-2.5.1/html'
infodir='/home/username/gentoo/usr/share/info'
install_sh='${SHELL} /home/username/gentoo/var/tmp/portage/sys-apps/attr-2.5.1/work/attr-2.5.1/build-aux/install-sh'
localedir='${datarootdir}/locale'
localstatedir='/home/username/gentoo/var/lib'
mandir='/home/username/gentoo/usr/share/man'
sharedstatedir='${prefix}/com'
target_alias=''
